<?xml version="1.0" encoding="UTF-8"?>
<testng-results skipped="0" failed="0" total="1" passed="1">
  <reporter-output>
  </reporter-output>
  <suite name="Default suite" duration-ms="14611" started-at="2023-12-22T12:33:52Z" finished-at="2023-12-22T12:34:07Z">
    <groups>
    </groups>
    <test name="Default test" duration-ms="14611" started-at="2023-12-22T12:33:52Z" finished-at="2023-12-22T12:34:07Z">
      <class name="GitHub.ActionsPOC.ActionsPOCTest">
        <test-method status="PASS" signature="NewTestActionsPOC()[pri:0, instance:GitHub.ActionsPOC.ActionsPOCTest@5f2108b5]" name="NewTestActionsPOC" duration-ms="14584" started-at="2023-12-22T18:03:52Z" finished-at="2023-12-22T18:04:07Z">
          <reporter-output>
          </reporter-output>
        </test-method> <!-- NewTestActionsPOC -->
      </class> <!-- GitHub.ActionsPOC.ActionsPOCTest -->
    </test> <!-- Default test -->
  </suite> <!-- Default suite -->
</testng-results>
