<?xml version="1.0" encoding="UTF-8"?>
<testng-results skipped="0" failed="0" total="1" passed="1">
  <reporter-output>
  </reporter-output>
  <suite name="Default suite" duration-ms="6029" started-at="2024-01-10T11:42:08Z" finished-at="2024-01-10T11:42:14Z">
    <groups>
    </groups>
    <test name="Default test" duration-ms="6029" started-at="2024-01-10T11:42:08Z" finished-at="2024-01-10T11:42:14Z">
      <class name="GitHub.ActionsPOC.ActionsPOCTest">
        <test-method status="PASS" signature="MethodForGitHubAction()[pri:0, instance:GitHub.ActionsPOC.ActionsPOCTest@6ab778a]" name="MethodForGitHubAction" duration-ms="6019" started-at="2024-01-10T17:12:08Z" finished-at="2024-01-10T17:12:14Z">
          <reporter-output>
          </reporter-output>
        </test-method> <!-- MethodForGitHubAction -->
      </class> <!-- GitHub.ActionsPOC.ActionsPOCTest -->
    </test> <!-- Default test -->
  </suite> <!-- Default suite -->
</testng-results>
